<?xml version="1.0" encoding="UTF-8"?>
<!-- Generated by org.testng.reporters.JUnitReportReporter -->
<testsuite name="TestSuite1" tests="5" time="36.272" ignored="0" failures="0" timestamp="06 лип. 2018 13:57:03 GMT" skipped="0" hostname="DP080" errors="0">
  <testcase name="testGmailLink" time="7.730" classname="TestSuite1"/>
  <testcase name="testUIelementsMainPageNotLogin" time="6.346" classname="TestSuite1"/>
  <testcase name="testSettingsLink" time="6.373" classname="TestSuite1"/>
  <testcase name="testImagesLink" time="6.490" classname="TestSuite1"/>
  <testcase name="testSearchResult" time="9.333" classname="TestSuite1"/>
</testsuite> <!-- TestSuite1 -->
